
> @gamedao/contracts-solidity@3.0.0 build /Users/2075/space/pro/gamedao/gamedao-protocol/packages/contracts-solidity
> hardhat compile

Nothing to compile
No need to generate any newer typings.
 ·------------------------|--------------------------------|--------------------------------·
 |  [90mSolc version: 0.8.20[39m  ·  [90mOptimizer enabled: true[39m       ·  [90mRuns: 200[39m                     │
 ·························|································|·································
 |  [1mContract Name[22m         ·  [1mDeployed size (KiB) (change)[22m  ·  [1mInitcode size (KiB) (change)[22m  │
 ·························|································|·································
 |  Address               ·                 0.057 ([90m0.000[39m)  ·                 0.085 ([90m0.000[39m)  │
 ·························|································|·································
 |  AlphanumericID        ·                 0.057 ([90m0.000[39m)  ·                 0.085 ([90m0.000[39m)  │
 ·························|································|·································
 |  AlphanumericIDTest    ·                 3.537 ([90m0.000[39m)  ·                 3.564 ([90m0.000[39m)  │
 ·························|································|·································
 |  Control               ·                [33m[1m22.662[22m[39m ([90m0.000[39m)  ·                23.247 ([90m0.000[39m)  │
 ·························|································|·································
 |  Counters              ·                 0.057 ([90m0.000[39m)  ·                 0.085 ([90m0.000[39m)  │
 ·························|································|·································
 |  EnumerableSet         ·                 0.057 ([90m0.000[39m)  ·                 0.085 ([90m0.000[39m)  │
 ·························|································|·································
 |  ERC20                 ·                 2.165 ([90m0.000[39m)  ·                 3.098 ([90m0.000[39m)  │
 ·························|································|·································
 |  Flow                  ·                18.611 ([90m0.000[39m)  ·                19.373 ([90m0.000[39m)  │
 ·························|································|·································
 |  GameDAORegistry       ·                 7.659 ([90m0.000[39m)  ·                 8.262 ([90m0.000[39m)  │
 ·························|································|·································
 |  GameStaking           ·                10.030 ([90m0.000[39m)  ·                11.302 ([90m0.000[39m)  │
 ·························|································|·································
 |  Math                  ·                 0.057 ([90m0.000[39m)  ·                 0.085 ([90m0.000[39m)  │
 ·························|································|·································
 |  MerkleProof           ·                 0.057 ([90m0.000[39m)  ·                 0.085 ([90m0.000[39m)  │
 ·························|································|·································
 |  MockGameToken         ·                 7.968 ([90m0.000[39m)  ·                 9.224 ([90m0.000[39m)  │
 ·························|································|·································
 |  MockUSDC              ·                 5.653 ([90m0.000[39m)  ·                 7.024 ([90m0.000[39m)  │
 ·························|································|·································
 |  SafeERC20             ·                 0.057 ([90m0.000[39m)  ·                 0.085 ([90m0.000[39m)  │
 ·························|································|·································
 |  Sense                 ·                21.015 ([90m0.000[39m)  ·                22.002 ([90m0.000[39m)  │
 ·························|································|·································
 |  Signal                ·                [33m[1m22.338[22m[39m ([90m0.000[39m)  ·                23.298 ([90m0.000[39m)  │
 ·························|································|·································
 |  SignedMath            ·                 0.057 ([90m0.000[39m)  ·                 0.085 ([90m0.000[39m)  │
 ·························|································|·································
 |  Strings               ·                 0.057 ([90m0.000[39m)  ·                 0.085 ([90m0.000[39m)  │
 ·························|································|·································
 |  Treasury              ·                 7.173 ([90m0.000[39m)  ·                 7.979 ([90m0.000[39m)  │
 ·------------------------|--------------------------------|--------------------------------·
